Analysis & Elaboration report for procesador
Sun Nov 15 14:05:14 2020
Quartus Prime Version 20.1.0 Build 711 06/05/2020 SJ Lite Edition


---------------------
; Table of Contents ;
---------------------
  1. Legal Notice
  2. Analysis & Elaboration Summary
  3. Parallel Compilation
  4. Analysis & Elaboration Settings
  5. Port Connectivity Checks: "image_memory:UUT"
  6. Analysis & Elaboration Messages
  7. Analysis & Elaboration Suppressed Messages



----------------
; Legal Notice ;
----------------
Copyright (C) 2020  Intel Corporation. All rights reserved.
Your use of Intel Corporation's design tools, logic functions 
and other software and tools, and any partner logic 
functions, and any output files from any of the foregoing 
(including device programming or simulation files), and any 
associated documentation or information are expressly subject 
to the terms and conditions of the Intel Program License 
Subscription Agreement, the Intel Quartus Prime License Agreement,
the Intel FPGA IP License Agreement, or other applicable license
agreement, including, without limitation, that your use is for
the sole purpose of programming logic devices manufactured by
Intel and sold by Intel or its authorized distributors.  Please
refer to the applicable agreement for further details, at
https://fpgasoftware.intel.com/eula.



+-----------------------------------------------------------------------------+
; Analysis & Elaboration Summary                                              ;
+-------------------------------+---------------------------------------------+
; Analysis & Elaboration Status ; Successful - Sun Nov 15 14:05:14 2020       ;
; Quartus Prime Version         ; 20.1.0 Build 711 06/05/2020 SJ Lite Edition ;
; Revision Name                 ; procesador                                  ;
; Top-level Entity Name         ; tb_image_memory                             ;
; Family                        ; Cyclone V                                   ;
; Logic utilization (in ALMs)   ; N/A until Partition Merge                   ;
; Total registers               ; N/A until Partition Merge                   ;
; Total pins                    ; N/A until Partition Merge                   ;
; Total virtual pins            ; N/A until Partition Merge                   ;
; Total block memory bits       ; N/A until Partition Merge                   ;
; Total PLLs                    ; N/A until Partition Merge                   ;
; Total DLLs                    ; N/A until Partition Merge                   ;
+-------------------------------+---------------------------------------------+


+------------------------------------------+
; Parallel Compilation                     ;
+----------------------------+-------------+
; Processors                 ; Number      ;
+----------------------------+-------------+
; Number detected on machine ; 8           ;
; Maximum allowed            ; 4           ;
;                            ;             ;
; Average used               ; 1.00        ;
; Maximum used               ; 1           ;
;                            ;             ;
; Usage by Processor         ; % Time Used ;
;     Processor 1            ; 100.0%      ;
+----------------------------+-------------+


+---------------------------------------------------------------------------------------------------------------------------+
; Analysis & Elaboration Settings                                                                                           ;
+---------------------------------------------------------------------------------+--------------------+--------------------+
; Option                                                                          ; Setting            ; Default Value      ;
+---------------------------------------------------------------------------------+--------------------+--------------------+
; Device                                                                          ; 5CGXFC7C7F23C8     ;                    ;
; Top-level entity name                                                           ; tb_image_memory    ; procesador         ;
; Family name                                                                     ; Cyclone V          ; Cyclone V          ;
; Use smart compilation                                                           ; Off                ; Off                ;
; Enable parallel Assembler and Timing Analyzer during compilation                ; On                 ; On                 ;
; Enable compact report table                                                     ; Off                ; Off                ;
; Restructure Multiplexers                                                        ; Auto               ; Auto               ;
; MLAB Add Timing Constraints For Mixed-Port Feed-Through Mode Setting Don't Care ; Off                ; Off                ;
; Create Debugging Nodes for IP Cores                                             ; Off                ; Off                ;
; Preserve fewer node names                                                       ; On                 ; On                 ;
; Intel FPGA IP Evaluation Mode                                                   ; Enable             ; Enable             ;
; Verilog Version                                                                 ; Verilog_2001       ; Verilog_2001       ;
; VHDL Version                                                                    ; VHDL_1993          ; VHDL_1993          ;
; State Machine Processing                                                        ; Auto               ; Auto               ;
; Safe State Machine                                                              ; Off                ; Off                ;
; Extract Verilog State Machines                                                  ; On                 ; On                 ;
; Extract VHDL State Machines                                                     ; On                 ; On                 ;
; Ignore Verilog initial constructs                                               ; Off                ; Off                ;
; Iteration limit for constant Verilog loops                                      ; 5000               ; 5000               ;
; Iteration limit for non-constant Verilog loops                                  ; 250                ; 250                ;
; Add Pass-Through Logic to Inferred RAMs                                         ; On                 ; On                 ;
; Infer RAMs from Raw Logic                                                       ; On                 ; On                 ;
; Parallel Synthesis                                                              ; On                 ; On                 ;
; DSP Block Balancing                                                             ; Auto               ; Auto               ;
; NOT Gate Push-Back                                                              ; On                 ; On                 ;
; Power-Up Don't Care                                                             ; On                 ; On                 ;
; Remove Redundant Logic Cells                                                    ; Off                ; Off                ;
; Remove Duplicate Registers                                                      ; On                 ; On                 ;
; Ignore CARRY Buffers                                                            ; Off                ; Off                ;
; Ignore CASCADE Buffers                                                          ; Off                ; Off                ;
; Ignore GLOBAL Buffers                                                           ; Off                ; Off                ;
; Ignore ROW GLOBAL Buffers                                                       ; Off                ; Off                ;
; Ignore LCELL Buffers                                                            ; Off                ; Off                ;
; Ignore SOFT Buffers                                                             ; On                 ; On                 ;
; Limit AHDL Integers to 32 Bits                                                  ; Off                ; Off                ;
; Optimization Technique                                                          ; Balanced           ; Balanced           ;
; Carry Chain Length                                                              ; 70                 ; 70                 ;
; Auto Carry Chains                                                               ; On                 ; On                 ;
; Auto Open-Drain Pins                                                            ; On                 ; On                 ;
; Perform WYSIWYG Primitive Resynthesis                                           ; Off                ; Off                ;
; Auto ROM Replacement                                                            ; On                 ; On                 ;
; Auto RAM Replacement                                                            ; On                 ; On                 ;
; Auto DSP Block Replacement                                                      ; On                 ; On                 ;
; Auto Shift Register Replacement                                                 ; Auto               ; Auto               ;
; Allow Shift Register Merging across Hierarchies                                 ; Auto               ; Auto               ;
; Auto Clock Enable Replacement                                                   ; On                 ; On                 ;
; Strict RAM Replacement                                                          ; Off                ; Off                ;
; Allow Synchronous Control Signals                                               ; On                 ; On                 ;
; Force Use of Synchronous Clear Signals                                          ; Off                ; Off                ;
; Auto Resource Sharing                                                           ; Off                ; Off                ;
; Allow Any RAM Size For Recognition                                              ; Off                ; Off                ;
; Allow Any ROM Size For Recognition                                              ; Off                ; Off                ;
; Allow Any Shift Register Size For Recognition                                   ; Off                ; Off                ;
; Use LogicLock Constraints during Resource Balancing                             ; On                 ; On                 ;
; Ignore translate_off and synthesis_off directives                               ; Off                ; Off                ;
; Timing-Driven Synthesis                                                         ; On                 ; On                 ;
; Report Parameter Settings                                                       ; On                 ; On                 ;
; Report Source Assignments                                                       ; On                 ; On                 ;
; Report Connectivity Checks                                                      ; On                 ; On                 ;
; Ignore Maximum Fan-Out Assignments                                              ; Off                ; Off                ;
; Synchronization Register Chain Length                                           ; 3                  ; 3                  ;
; Power Optimization During Synthesis                                             ; Normal compilation ; Normal compilation ;
; HDL message level                                                               ; Level2             ; Level2             ;
; Suppress Register Optimization Related Messages                                 ; Off                ; Off                ;
; Number of Removed Registers Reported in Synthesis Report                        ; 5000               ; 5000               ;
; Number of Swept Nodes Reported in Synthesis Report                              ; 5000               ; 5000               ;
; Number of Inverted Registers Reported in Synthesis Report                       ; 100                ; 100                ;
; Clock MUX Protection                                                            ; On                 ; On                 ;
; Auto Gated Clock Conversion                                                     ; Off                ; Off                ;
; Block Design Naming                                                             ; Auto               ; Auto               ;
; SDC constraint protection                                                       ; Off                ; Off                ;
; Synthesis Effort                                                                ; Auto               ; Auto               ;
; Shift Register Replacement - Allow Asynchronous Clear Signal                    ; On                 ; On                 ;
; Pre-Mapping Resynthesis Optimization                                            ; Off                ; Off                ;
; Analysis & Synthesis Message Level                                              ; Medium             ; Medium             ;
; Disable Register Merging Across Hierarchies                                     ; Auto               ; Auto               ;
; Resource Aware Inference For Block RAM                                          ; On                 ; On                 ;
; Automatic Parallel Synthesis                                                    ; On                 ; On                 ;
; Partial Reconfiguration Bitstream ID                                            ; Off                ; Off                ;
+---------------------------------------------------------------------------------+--------------------+--------------------+


+----------------------------------------------------------------------------------------------------------------+
; Port Connectivity Checks: "image_memory:UUT"                                                                   ;
+------+--------+----------+-------------------------------------------------------------------------------------+
; Port ; Type   ; Severity ; Details                                                                             ;
+------+--------+----------+-------------------------------------------------------------------------------------+
; RD   ; Output ; Info     ; Connected to dangling logic. Logic that only feeds a dangling port will be removed. ;
+------+--------+----------+-------------------------------------------------------------------------------------+


+---------------------------------+
; Analysis & Elaboration Messages ;
+---------------------------------+
Info: *******************************************************************
Info: Running Quartus Prime Analysis & Elaboration
    Info: Version 20.1.0 Build 711 06/05/2020 SJ Lite Edition
    Info: Processing started: Sun Nov 15 13:58:51 2020
Info: Command: quartus_map --read_settings_files=on --write_settings_files=off procesador -c procesador --analysis_and_elaboration
Warning (18236): Number of processors has not been specified which may cause overloading on shared machines.  Set the global assignment NUM_PARALLEL_PROCESSORS in your QSF to an appropriate value for best performance.
Info (20030): Parallel compilation is enabled and will use 4 of the 4 processors detected
Info (12021): Found 1 design units, including 1 entities, in source file mult.sv
    Info (12023): Found entity 1: mult File: C:/Users/emily/Desktop/CE4301-Proyecto1/mult.sv Line: 1
Info (12021): Found 1 design units, including 1 entities, in source file division.sv
    Info (12023): Found entity 1: division File: C:/Users/emily/Desktop/CE4301-Proyecto1/division.sv Line: 1
Info (12021): Found 1 design units, including 1 entities, in source file bor.sv
    Info (12023): Found entity 1: bor File: C:/Users/emily/Desktop/CE4301-Proyecto1/bor.sv Line: 1
Info (12021): Found 1 design units, including 1 entities, in source file band.sv
    Info (12023): Found entity 1: band File: C:/Users/emily/Desktop/CE4301-Proyecto1/band.sv Line: 1
Info (12021): Found 1 design units, including 1 entities, in source file muxri.sv
    Info (12023): Found entity 1: muxRI File: C:/Users/emily/Desktop/CE4301-Proyecto1/muxRI.sv Line: 1
Info (12021): Found 1 design units, including 1 entities, in source file _register_tb.sv
    Info (12023): Found entity 1: _register_TB File: C:/Users/emily/Desktop/CE4301-Proyecto1/_register_TB.sv Line: 1
Info (12021): Found 1 design units, including 1 entities, in source file _register_file.sv
    Info (12023): Found entity 1: _register_file File: C:/Users/emily/Desktop/CE4301-Proyecto1/_register_file.sv Line: 4
Info (12021): Found 1 design units, including 1 entities, in source file _pc_counter_4.sv
    Info (12023): Found entity 1: _pc_counter_4 File: C:/Users/emily/Desktop/CE4301-Proyecto1/_pc_counter_4.sv Line: 1
Info (12021): Found 1 design units, including 1 entities, in source file _pc_counter.sv
    Info (12023): Found entity 1: _pc_counter File: C:/Users/emily/Desktop/CE4301-Proyecto1/_pc_counter.sv Line: 1
Info (12021): Found 1 design units, including 1 entities, in source file _mux_2_1_a.sv
    Info (12023): Found entity 1: _mux_2_1_a File: C:/Users/emily/Desktop/CE4301-Proyecto1/_mux_2_1_a.sv Line: 1
Info (12021): Found 1 design units, including 1 entities, in source file _control_unit.sv
    Info (12023): Found entity 1: _control_unit File: C:/Users/emily/Desktop/CE4301-Proyecto1/_control_unit.sv Line: 1
Info (12021): Found 1 design units, including 1 entities, in source file full_adder.sv
    Info (12023): Found entity 1: full_adder File: C:/Users/emily/Desktop/CE4301-Proyecto1/full_adder.sv Line: 2
Info (12021): Found 1 design units, including 1 entities, in source file complement.sv
    Info (12023): Found entity 1: complement File: C:/Users/emily/Desktop/CE4301-Proyecto1/complement.sv Line: 5
Info (12021): Found 1 design units, including 1 entities, in source file adder_substractor.sv
    Info (12023): Found entity 1: adder_substractor File: C:/Users/emily/Desktop/CE4301-Proyecto1/adder_substractor.sv Line: 4
Info (12021): Found 1 design units, including 1 entities, in source file instr_mem.v
    Info (12023): Found entity 1: instr_mem File: C:/Users/emily/Desktop/CE4301-Proyecto1/instr_mem.v Line: 40
Info (12021): Found 1 design units, including 1 entities, in source file instruction_memory.sv
    Info (12023): Found entity 1: instruction_memory File: C:/Users/emily/Desktop/CE4301-Proyecto1/instruction_memory.sv Line: 1
Info (12021): Found 1 design units, including 1 entities, in source file tb_instruction_memory.sv
    Info (12023): Found entity 1: tb_instruction_memory File: C:/Users/emily/Desktop/CE4301-Proyecto1/tb_instruction_memory.sv Line: 4
Info (12021): Found 1 design units, including 1 entities, in source file alu.sv
    Info (12023): Found entity 1: alu File: C:/Users/emily/Desktop/CE4301-Proyecto1/alu.sv Line: 5
Info (12021): Found 1 design units, including 1 entities, in source file tb_alu.sv
    Info (12023): Found entity 1: tb_alu File: C:/Users/emily/Desktop/CE4301-Proyecto1/tb_alu.sv Line: 1
Info (12021): Found 1 design units, including 1 entities, in source file data_memory.sv
    Info (12023): Found entity 1: data_memory File: C:/Users/emily/Desktop/CE4301-Proyecto1/data_memory.sv Line: 1
Info (12021): Found 1 design units, including 1 entities, in source file tb_data_memory.sv
    Info (12023): Found entity 1: tb_data_memory File: C:/Users/emily/Desktop/CE4301-Proyecto1/tb_data_memory.sv Line: 1
Info (12021): Found 1 design units, including 1 entities, in source file procesador.sv
    Info (12023): Found entity 1: PROCESADOR File: C:/Users/emily/Desktop/CE4301-Proyecto1/PROCESADOR.sv Line: 2
Info (12021): Found 1 design units, including 1 entities, in source file tb_pc_counter.sv
    Info (12023): Found entity 1: tb_pc_counter File: C:/Users/emily/Desktop/CE4301-Proyecto1/tb_pc_counter.sv Line: 1
Info (12021): Found 1 design units, including 1 entities, in source file tb_procesador.sv
    Info (12023): Found entity 1: tb_procesador File: C:/Users/emily/Desktop/CE4301-Proyecto1/tb_procesador.sv Line: 4
Info (12021): Found 1 design units, including 1 entities, in source file muxcontrol.sv
    Info (12023): Found entity 1: muxControl File: C:/Users/emily/Desktop/CE4301-Proyecto1/muxControl.sv Line: 1
Info (12021): Found 1 design units, including 1 entities, in source file image_memory.sv
    Info (12023): Found entity 1: image_memory File: C:/Users/emily/Desktop/CE4301-Proyecto1/image_memory.sv Line: 1
Info (12021): Found 1 design units, including 1 entities, in source file tb_image_memory.sv
    Info (12023): Found entity 1: tb_image_memory File: C:/Users/emily/Desktop/CE4301-Proyecto1/tb_image_memory.sv Line: 1
Warning (10236): Verilog HDL Implicit Net warning at PROCESADOR.sv(26): created implicit net for "Rwe2" File: C:/Users/emily/Desktop/CE4301-Proyecto1/PROCESADOR.sv Line: 26
Info (12127): Elaborating entity "tb_image_memory" for the top level hierarchy
Warning (10755): Verilog HDL warning at tb_image_memory.sv(8): assignments to clk create a combinational loop File: C:/Users/emily/Desktop/CE4301-Proyecto1/tb_image_memory.sv Line: 8
Info (10648): Verilog HDL Display System Task info at tb_image_memory.sv(11): Image memory TB... File: C:/Users/emily/Desktop/CE4301-Proyecto1/tb_image_memory.sv Line: 11
Warning (10855): Verilog HDL warning at tb_image_memory.sv(10): initial value for variable wd should be constant File: C:/Users/emily/Desktop/CE4301-Proyecto1/tb_image_memory.sv Line: 10
Info (12128): Elaborating entity "image_memory" for hierarchy "image_memory:UUT" File: C:/Users/emily/Desktop/CE4301-Proyecto1/tb_image_memory.sv Line: 6
Warning (10230): Verilog HDL assignment warning at image_memory.sv(9): truncated value with size 9 to match size of target (8) File: C:/Users/emily/Desktop/CE4301-Proyecto1/image_memory.sv Line: 9
Warning (10175): Verilog HDL warning at image_memory.sv(19): ignoring unsupported system task File: C:/Users/emily/Desktop/CE4301-Proyecto1/image_memory.sv Line: 19
Warning (12011): Net is missing source, defaulting to GND
    Warning (12110): Net "clk" is missing source, defaulting to GND File: C:/Users/emily/Desktop/CE4301-Proyecto1/tb_image_memory.sv Line: 2
Info (144001): Generated suppressed messages file C:/Users/emily/Desktop/CE4301-Proyecto1/output_files/procesador.map.smsg
Info: Quartus Prime Analysis & Elaboration was successful. 0 errors, 8 warnings
    Info: Peak virtual memory: 5002 megabytes
    Info: Processing ended: Sun Nov 15 14:05:14 2020
    Info: Elapsed time: 00:06:23
    Info: Total CPU time (on all processors): 00:06:33


+--------------------------------------------+
; Analysis & Elaboration Suppressed Messages ;
+--------------------------------------------+
The suppressed messages can be found in C:/Users/emily/Desktop/CE4301-Proyecto1/output_files/procesador.map.smsg.


